<?xml version="1.0" encoding="UTF-8"?>
<testng-results ignored="0" total="3" passed="3" failed="0" skipped="0">
  <reporter-output>
  </reporter-output>
  <suite started-at="2026-02-22T23:40:18 IST" name="SeleniumGrid" finished-at="2026-02-22T23:40:40 IST" duration-ms="22316">
    <groups>
    </groups>
    <test started-at="2026-02-22T23:40:18 IST" name="EdgeTest" finished-at="2026-02-22T23:40:37 IST" duration-ms="19060">
      <class name="com.SeleniumGrid.CrossBrowser_DockerTest">
        <test-method signature="crossBrowserTest(java.lang.String)[pri:0, instance:com.SeleniumGrid.CrossBrowser_DockerTest@229f66ed]" started-at="2026-02-22T23:40:18 IST" name="crossBrowserTest" finished-at="2026-02-22T23:40:37 IST" duration-ms="18992" status="PASS">
          <params>
            <param index="0">
              <value>
                <![CDATA[Edge]]>
              </value>
            </param>
          </params>
          <reporter-output>
          </reporter-output>
        </test-method> <!-- crossBrowserTest -->
      </class> <!-- com.SeleniumGrid.CrossBrowser_DockerTest -->
    </test> <!-- EdgeTest -->
    <test started-at="2026-02-22T23:40:18 IST" name="ChromeTest" finished-at="2026-02-22T23:40:37 IST" duration-ms="19016">
      <class name="com.SeleniumGrid.CrossBrowser_DockerTest">
        <test-method signature="crossBrowserTest(java.lang.String)[pri:0, instance:com.SeleniumGrid.CrossBrowser_DockerTest@35d019a3]" started-at="2026-02-22T23:40:18 IST" name="crossBrowserTest" finished-at="2026-02-22T23:40:37 IST" duration-ms="18944" status="PASS">
          <params>
            <param index="0">
              <value>
                <![CDATA[Chrome]]>
              </value>
            </param>
          </params>
          <reporter-output>
          </reporter-output>
        </test-method> <!-- crossBrowserTest -->
      </class> <!-- com.SeleniumGrid.CrossBrowser_DockerTest -->
    </test> <!-- ChromeTest -->
    <test started-at="2026-02-22T23:40:18 IST" name="FirefoxTest" finished-at="2026-02-22T23:40:40 IST" duration-ms="22316">
      <class name="com.SeleniumGrid.CrossBrowser_DockerTest">
        <test-method signature="crossBrowserTest(java.lang.String)[pri:0, instance:com.SeleniumGrid.CrossBrowser_DockerTest@217ed35e]" started-at="2026-02-22T23:40:18 IST" name="crossBrowserTest" finished-at="2026-02-22T23:40:40 IST" duration-ms="22251" status="PASS">
          <params>
            <param index="0">
              <value>
                <![CDATA[Firefox]]>
              </value>
            </param>
          </params>
          <reporter-output>
          </reporter-output>
        </test-method> <!-- crossBrowserTest -->
      </class> <!-- com.SeleniumGrid.CrossBrowser_DockerTest -->
    </test> <!-- FirefoxTest -->
  </suite> <!-- SeleniumGrid -->
</testng-results>
