<?xml version="1.0" encoding="UTF-8"?>
<testng-results ignored="0" total="3" passed="3" failed="0" skipped="0">
  <reporter-output>
  </reporter-output>
  <suite started-at="2026-02-23T00:19:24 IST" name="SeleniumGrid" finished-at="2026-02-23T00:19:56 IST" duration-ms="31628">
    <groups>
    </groups>
    <test started-at="2026-02-23T00:19:24 IST" name="ChromeTest" finished-at="2026-02-23T00:19:52 IST" duration-ms="28083">
      <class name="com.SeleniumGrid.CrossBrowser_DockerTest">
        <test-method signature="crossBrowserTest(java.lang.String)[pri:0, instance:com.SeleniumGrid.CrossBrowser_DockerTest@35d019a3]" started-at="2026-02-23T00:19:24 IST" name="crossBrowserTest" finished-at="2026-02-23T00:19:52 IST" duration-ms="27918" status="PASS">
          <params>
            <param index="0">
              <value>
                <![CDATA[Chrome]]>
              </value>
            </param>
          </params>
          <reporter-output>
          </reporter-output>
        </test-method> <!-- crossBrowserTest -->
      </class> <!-- com.SeleniumGrid.CrossBrowser_DockerTest -->
    </test> <!-- ChromeTest -->
    <test started-at="2026-02-23T00:19:24 IST" name="EdgeTest" finished-at="2026-02-23T00:19:52 IST" duration-ms="28122">
      <class name="com.SeleniumGrid.CrossBrowser_DockerTest">
        <test-method signature="crossBrowserTest(java.lang.String)[pri:0, instance:com.SeleniumGrid.CrossBrowser_DockerTest@229f66ed]" started-at="2026-02-23T00:19:24 IST" name="crossBrowserTest" finished-at="2026-02-23T00:19:52 IST" duration-ms="27965" status="PASS">
          <params>
            <param index="0">
              <value>
                <![CDATA[Edge]]>
              </value>
            </param>
          </params>
          <reporter-output>
          </reporter-output>
        </test-method> <!-- crossBrowserTest -->
      </class> <!-- com.SeleniumGrid.CrossBrowser_DockerTest -->
    </test> <!-- EdgeTest -->
    <test started-at="2026-02-23T00:19:24 IST" name="FirefoxTest" finished-at="2026-02-23T00:19:56 IST" duration-ms="31628">
      <class name="com.SeleniumGrid.CrossBrowser_DockerTest">
        <test-method signature="crossBrowserTest(java.lang.String)[pri:0, instance:com.SeleniumGrid.CrossBrowser_DockerTest@217ed35e]" started-at="2026-02-23T00:19:24 IST" name="crossBrowserTest" finished-at="2026-02-23T00:19:56 IST" duration-ms="31479" status="PASS">
          <params>
            <param index="0">
              <value>
                <![CDATA[Firefox]]>
              </value>
            </param>
          </params>
          <reporter-output>
          </reporter-output>
        </test-method> <!-- crossBrowserTest -->
      </class> <!-- com.SeleniumGrid.CrossBrowser_DockerTest -->
    </test> <!-- FirefoxTest -->
  </suite> <!-- SeleniumGrid -->
</testng-results>
