<?xml version="1.0" encoding="UTF-8"?>
<!-- Generated by org.testng.reporters.JUnitReportReporter -->
<testsuite hostname="DESKTOP-JNU777G" failures="0" tests="3" name="com.SeleniumGrid.CrossBrowser_DockerTest" time="60.187" errors="0" timestamp="2026-02-22T23:40:40 IST" skipped="0">
  <testcase classname="com.SeleniumGrid.CrossBrowser_DockerTest" name="crossBrowserTest" time="18.944"/>
  <testcase classname="com.SeleniumGrid.CrossBrowser_DockerTest" name="crossBrowserTest" time="18.992"/>
  <testcase classname="com.SeleniumGrid.CrossBrowser_DockerTest" name="crossBrowserTest" time="22.251"/>
</testsuite> <!-- com.SeleniumGrid.CrossBrowser_DockerTest -->
